<?xml version="1.0" encoding="UTF-8"?>
<!-- Generated by org.testng.reporters.JUnitXMLReporter -->
<testsuite hostname="VNDEV21" name="Run on Firefox" tests="2" failures="2" timestamp="10 Mar 2020 10:19:54 GMT" time="9.676" errors="0">
  <testcase name="TC_01_Register" time="0.019" classname="com.nopcommerce.payment.Level_03_Page_Object_Pattern">
    <failure type="java.lang.AssertionError" message="expected [true] but found [false]">
      <![CDATA[java.lang.AssertionError: expected [true] but found [false]
	at com.nopcommerce.payment.Level_03_Page_Object_Pattern.TC_01_Register(Level_03_Page_Object_Pattern.java:74)
... Removed 28 stack frames]]>
    </failure>
  </testcase> <!-- TC_01_Register -->
  <testcase name="TC_02_Login" time="0.0" classname="com.nopcommerce.payment.Level_03_Page_Object_Pattern">
    <failure type="java.lang.AssertionError" message="expected [true] but found [false]">
      <![CDATA[java.lang.AssertionError: expected [true] but found [false]
	at com.nopcommerce.payment.Level_03_Page_Object_Pattern.TC_02_Login(Level_03_Page_Object_Pattern.java:98)
... Removed 28 stack frames]]>
    </failure>
  </testcase> <!-- TC_02_Login -->
</testsuite> <!-- Run on Firefox -->
