<!DOCTYPE html PUBLIC "-//W3C//DTD XHTML 1.1//EN" "http://www.w3.org/TR/xhtml11/DTD/xhtml11.dtd">
<html xmlns="http://www.w3.org/1999/xhtml"><head><title>TestNG Report</title><style type="text/css">table {margin-bottom:10px;border-collapse:collapse;empty-cells:show}th,td {border:1px solid #009;padding:.25em .5em}th {vertical-align:bottom}td {vertical-align:top}table a {font-weight:bold}.stripe td {background-color: #E6EBF9}.num {text-align:right}.passedodd td {background-color: #3F3}.passedeven td {background-color: #0A0}.skippedodd td {background-color: #DDD}.skippedeven td {background-color: #CCC}.failedodd td,.attn {background-color: #F33}.failedeven td,.stripe .attn {background-color: #D00}.stacktrace {white-space:pre;font-family:monospace}.totop {font-size:85%;text-align:center;border-bottom:2px solid #000}</style></head><body><table><tr><th>Test</th><th># Passed</th><th># Skipped</th><th># Failed</th><th>Time (ms)</th><th>Included Groups</th><th>Excluded Groups</th></tr><tr><th colspan="7">Nop Commerce</th></tr><tr><td><a href="#t0">Run on CHROME UI </a></td><td class="num">3</td><td class="num">0</td><td class="num attn">2</td><td class="num">74,311</td><td></td><td></td></tr></table><table><thead><tr><th>Class</th><th>Method</th><th>Start</th><th>Time (ms)</th></tr></thead><tbody><tr><th colspan="4">Nop Commerce</th></tr></tbody><tbody id="t0"><tr><th colspan="4">Run on CHROME UI  &#8212; failed</th></tr><tr class="failedeven"><td rowspan="2">com.nopcommerce.payment.Level_06_Multiple_Browser_Paralell_Factory_Pattern</td><td><a href="#m0">TC_01_Register</a></td><td rowspan="1">1584260477229</td><td rowspan="1">32544</td></tr><tr class="failedeven"><td><a href="#m1">TC_05_LoginWithValidEmailAndPassword</a></td><td rowspan="1">1584260511268</td><td rowspan="1">31728</td></tr><tr><th colspan="4">Run on CHROME UI  &#8212; passed</th></tr><tr class="passedeven"><td rowspan="3">com.nopcommerce.payment.Level_06_Multiple_Browser_Paralell_Factory_Pattern</td><td><a href="#m2">TC_02_LoginWithEmailAndPasswordEmpty</a></td><td rowspan="1">1584260509775</td><td rowspan="1">968</td></tr><tr class="passedeven"><td><a href="#m3">TC_03_LoginWithEmailEmpty</a></td><td rowspan="1">1584260510744</td><td rowspan="1">263</td></tr><tr class="passedeven"><td><a href="#m4">TC_04_LoginWithWrongEmailFormat</a></td><td rowspan="1">1584260511007</td><td rowspan="1">260</td></tr></tbody></table><h2>Run on CHROME UI </h2><h3 id="m0">com.nopcommerce.payment.Level_06_Multiple_Browser_Paralell_Factory_Pattern#TC_01_Register</h3><table class="result"><tr><th>Exception</th></tr><tr><td><div class="stacktrace">org.openqa.selenium.TimeoutException: Expected condition failed: waiting for visibility of element located by By.xpath: //div[@class=&apos;result&apos;and text() = &apos;Your registration completed&apos;] (tried for 30 second(s) with 500 milliseconds interval)
	at org.openqa.selenium.support.ui.WebDriverWait.timeoutException(WebDriverWait.java:95)
	at org.openqa.selenium.support.ui.FluentWait.until(FluentWait.java:272)
	at commons.AbstractPageObject.waitToElementVisible(AbstractPageObject.java:243)
	at pageObjects.RegisterPageObject.isSuccessfulMessageDisplayed(RegisterPageObject.java:54)
	at com.nopcommerce.payment.Level_06_Multiple_Browser_Paralell_Factory_Pattern.TC_01_Register(Level_06_Multiple_Browser_Paralell_Factory_Pattern.java:138)
Caused by: org.openqa.selenium.NoSuchElementException: no such element: Unable to locate element: {&quot;method&quot;:&quot;xpath&quot;,&quot;selector&quot;:&quot;//div[@class=&apos;result&apos;and text() = &apos;Your registration completed&apos;]&quot;}
  (Session info: chrome=78.0.3904.70)
For documentation on this error, please visit: https://www.seleniumhq.org/exceptions/no_such_element.html
Build info: version: &apos;3.141.59&apos;, revision: &apos;e82be7d358&apos;, time: &apos;2018-11-14T08:25:53&apos;
System info: host: &apos;DESKTOP-2G9S8JA&apos;, ip: &apos;192.168.1.21&apos;, os.name: &apos;Windows 10&apos;, os.arch: &apos;amd64&apos;, os.version: &apos;10.0&apos;, java.version: &apos;1.8.0_211&apos;
Driver info: org.openqa.selenium.chrome.ChromeDriver
Capabilities {acceptInsecureCerts: false, browserName: chrome, browserVersion: 78.0.3904.70, chrome: {chromedriverVersion: 78.0.3904.70 (edb9c9f3de024..., userDataDir: C:\Users\HP\AppData\Local\T...}, goog:chromeOptions: {debuggerAddress: localhost:50945}, javascriptEnabled: true, networkConnectionEnabled: false, pageLoadStrategy: normal, platform: XP, platformName: XP, proxy: Proxy(), setWindowRect: true, strictFileInteractability: false, timeouts: {implicit: 0, pageLoad: 300000, script: 30000}, unhandledPromptBehavior: dismiss and notify}
Session ID: 6d95e1d0706928c7d51b588905b5c60b
*** Element info: {Using=xpath, value=//div[@class=&apos;result&apos;and text() = &apos;Your registration completed&apos;]}
	at org.openqa.selenium.remote.http.W3CHttpResponseCodec.createException(W3CHttpResponseCodec.java:187)
	at org.openqa.selenium.remote.http.W3CHttpResponseCodec.decode(W3CHttpResponseCodec.java:122)
	at org.openqa.selenium.remote.http.W3CHttpResponseCodec.decode(W3CHttpResponseCodec.java:49)
	at org.openqa.selenium.remote.HttpCommandExecutor.execute(HttpCommandExecutor.java:158)
	at org.openqa.selenium.remote.service.DriverCommandExecutor.execute(DriverCommandExecutor.java:83)
	at org.openqa.selenium.remote.RemoteWebDriver.execute(RemoteWebDriver.java:552)
	at org.openqa.selenium.remote.RemoteWebDriver.findElement(RemoteWebDriver.java:323)
	at org.openqa.selenium.remote.RemoteWebDriver.findElementByXPath(RemoteWebDriver.java:428)
	at org.openqa.selenium.By$ByXPath.findElement(By.java:353)
	at org.openqa.selenium.remote.RemoteWebDriver.findElement(RemoteWebDriver.java:315)
	at org.openqa.selenium.support.ui.ExpectedConditions$7.apply(ExpectedConditions.java:205)
	at org.openqa.selenium.support.ui.ExpectedConditions$7.apply(ExpectedConditions.java:201)
	at org.openqa.selenium.support.ui.FluentWait.until(FluentWait.java:249)
	... 27 more
... Removed 28 stack frames</div></td></tr></table><p class="totop"><a href="#summary">back to summary</a></p><h3 id="m1">com.nopcommerce.payment.Level_06_Multiple_Browser_Paralell_Factory_Pattern#TC_05_LoginWithValidEmailAndPassword</h3><table class="result"><tr><th>Exception</th></tr><tr><td><div class="stacktrace">org.openqa.selenium.NoSuchElementException: no such element: Unable to locate element: {&quot;method&quot;:&quot;xpath&quot;,&quot;selector&quot;:&quot;//a[@class=&apos;ico-account&apos; and text() = &apos;My account&apos;]&quot;}
  (Session info: chrome=78.0.3904.70)
For documentation on this error, please visit: https://www.seleniumhq.org/exceptions/no_such_element.html
Build info: version: &apos;3.141.59&apos;, revision: &apos;e82be7d358&apos;, time: &apos;2018-11-14T08:25:53&apos;
System info: host: &apos;DESKTOP-2G9S8JA&apos;, ip: &apos;192.168.1.21&apos;, os.name: &apos;Windows 10&apos;, os.arch: &apos;amd64&apos;, os.version: &apos;10.0&apos;, java.version: &apos;1.8.0_211&apos;
Driver info: org.openqa.selenium.chrome.ChromeDriver
Capabilities {acceptInsecureCerts: false, browserName: chrome, browserVersion: 78.0.3904.70, chrome: {chromedriverVersion: 78.0.3904.70 (edb9c9f3de024..., userDataDir: C:\Users\HP\AppData\Local\T...}, goog:chromeOptions: {debuggerAddress: localhost:50945}, javascriptEnabled: true, networkConnectionEnabled: false, pageLoadStrategy: normal, platform: XP, platformName: XP, proxy: Proxy(), setWindowRect: true, strictFileInteractability: false, timeouts: {implicit: 0, pageLoad: 300000, script: 30000}, unhandledPromptBehavior: dismiss and notify}
Session ID: 6d95e1d0706928c7d51b588905b5c60b
*** Element info: {Using=xpath, value=//a[@class=&apos;ico-account&apos; and text() = &apos;My account&apos;]}
	at org.openqa.selenium.remote.http.W3CHttpResponseCodec.createException(W3CHttpResponseCodec.java:187)
	at org.openqa.selenium.remote.http.W3CHttpResponseCodec.decode(W3CHttpResponseCodec.java:122)
	at org.openqa.selenium.remote.http.W3CHttpResponseCodec.decode(W3CHttpResponseCodec.java:49)
	at org.openqa.selenium.remote.HttpCommandExecutor.execute(HttpCommandExecutor.java:158)
	at org.openqa.selenium.remote.service.DriverCommandExecutor.execute(DriverCommandExecutor.java:83)
	at org.openqa.selenium.remote.RemoteWebDriver.execute(RemoteWebDriver.java:552)
	at org.openqa.selenium.remote.RemoteWebDriver.findElement(RemoteWebDriver.java:323)
	at org.openqa.selenium.remote.RemoteWebDriver.findElementByXPath(RemoteWebDriver.java:428)
	at org.openqa.selenium.By$ByXPath.findElement(By.java:353)
	at org.openqa.selenium.remote.RemoteWebDriver.findElement(RemoteWebDriver.java:315)
	at commons.AbstractPageObject.isElementDisplayed(AbstractPageObject.java:167)
	at com.nopcommerce.payment.Level_06_Multiple_Browser_Paralell_Factory_Pattern.TC_05_LoginWithValidEmailAndPassword(Level_06_Multiple_Browser_Paralell_Factory_Pattern.java:205)
... Removed 28 stack frames</div></td></tr></table><p class="totop"><a href="#summary">back to summary</a></p><h3 id="m2">com.nopcommerce.payment.Level_06_Multiple_Browser_Paralell_Factory_Pattern#TC_02_LoginWithEmailAndPasswordEmpty</h3><table class="result"></table><p class="totop"><a href="#summary">back to summary</a></p><h3 id="m3">com.nopcommerce.payment.Level_06_Multiple_Browser_Paralell_Factory_Pattern#TC_03_LoginWithEmailEmpty</h3><table class="result"></table><p class="totop"><a href="#summary">back to summary</a></p><h3 id="m4">com.nopcommerce.payment.Level_06_Multiple_Browser_Paralell_Factory_Pattern#TC_04_LoginWithWrongEmailFormat</h3><table class="result"></table><p class="totop"><a href="#summary">back to summary</a></p></body></html>